<?xml version="1.0" encoding="UTF-8"?>
<!-- Generated by org.testng.reporters.JUnitXMLReporter -->
<testsuite hostname="Gabysus" ignored="6" name="Default test" tests="1" failures="1" timestamp="31 Jan 2019 22:14:52 GMT" time="13.44" errors="0">
  <testcase name="tcHP06_DetermineHowMuch_link_Click" time="7.992" classname="testCases.HomePageTestCases">
    <failure type="java.lang.AssertionError" message="null">
      <![CDATA[java.lang.AssertionError: null
at org.testng.Assert.fail(Assert.java:96)
at org.testng.Assert.fail(Assert.java:103)
at testCases.HomePageTestCases.tcHP06_DetermineHowMuch_link_Click(HomePageTestCases.java:156)
at sun.reflect.NativeMethodAccessorImpl.invoke0(Native Method)
at sun.reflect.NativeMethodAccessorImpl.invoke(Unknown Source)
at sun.reflect.DelegatingMethodAccessorImpl.invoke(Unknown Source)
at java.lang.reflect.Method.invoke(Unknown Source)
at org.testng.internal.MethodInvocationHelper.invokeMethod(MethodInvocationHelper.java:124)
at org.testng.internal.Invoker.invokeMethod(Invoker.java:580)
at org.testng.internal.Invoker.invokeTestMethod(Invoker.java:716)
at org.testng.internal.Invoker.invokeTestMethods(Invoker.java:988)
at org.testng.internal.TestMethodWorker.invokeTestMethods(TestMethodWorker.java:125)
at org.testng.internal.TestMethodWorker.run(TestMethodWorker.java:109)
at org.testng.TestRunner.privateRun(TestRunner.java:648)
at org.testng.TestRunner.run(TestRunner.java:505)
at org.testng.SuiteRunner.runTest(SuiteRunner.java:455)
at org.testng.SuiteRunner.runSequentially(SuiteRunner.java:450)
at org.testng.SuiteRunner.privateRun(SuiteRunner.java:415)
at org.testng.SuiteRunner.run(SuiteRunner.java:364)
at org.testng.SuiteRunnerWorker.runSuite(SuiteRunnerWorker.java:52)
at org.testng.SuiteRunnerWorker.run(SuiteRunnerWorker.java:84)
at org.testng.TestNG.runSuitesSequentially(TestNG.java:1208)
at org.testng.TestNG.runSuitesLocally(TestNG.java:1137)
at org.testng.TestNG.runSuites(TestNG.java:1049)
at org.testng.TestNG.run(TestNG.java:1017)
at org.testng.remote.AbstractRemoteTestNG.run(AbstractRemoteTestNG.java:114)
at org.testng.remote.RemoteTestNG.initAndRun(RemoteTestNG.java:251)
at org.testng.remote.RemoteTestNG.main(RemoteTestNG.java:77)
]]>
    </failure>
  </testcase> <!-- tcHP06_DetermineHowMuch_link_Click -->
  <testcase name="tcHP02_ViewAllCategories" time="0.0" classname="testCases.HomePageTestCases">
    <ignored/>
  </testcase> <!-- tcHP02_ViewAllCategories -->
  <testcase name="tcHP03_ExpandFinanceCard" time="0.0" classname="testCases.HomePageTestCases">
    <ignored/>
  </testcase> <!-- tcHP03_ExpandFinanceCard -->
  <testcase name="tcHP07_MortageSection_CreateAssesment" time="0.0" classname="testCases.HomePageTestCases">
    <ignored/>
  </testcase> <!-- tcHP07_MortageSection_CreateAssesment -->
  <testcase name="tcHP04_MortgageLink_Click" time="0.0" classname="testCases.HomePageTestCases">
    <ignored/>
  </testcase> <!-- tcHP04_MortgageLink_Click -->
  <testcase name="tcHP01_VisitHomePage" time="0.0" classname="testCases.HomePageTestCases">
    <ignored/>
  </testcase> <!-- tcHP01_VisitHomePage -->
  <testcase name="tcHP05_HowToApply_sidebar_Click" time="0.0" classname="testCases.HomePageTestCases">
    <ignored/>
  </testcase> <!-- tcHP05_HowToApply_sidebar_Click -->
</testsuite> <!-- Default test -->
